<?xml version="1.0" encoding="UTF-8"?>
<testsuite name="rspec" tests="20" skipped="0" failures="0" errors="0" time="0.068855" timestamp="2021-03-15T17:01:57-03:00" hostname="TI-01">
<properties>
<property name="seed" value="4691"/>
</properties>
<testcase classname="spec.avengers_spec" name="AvengerHeadQuarter deve adicionar um vingador" file="./spec/avengers_spec.rb" time="0.011574"></testcase>
<testcase classname="spec.avengers_spec" name="AvengerHeadQuarter deve adicionar uma lista de vingadores" file="./spec/avengers_spec.rb" time="0.011571"></testcase>
<testcase classname="spec.avengers_spec" name="AvengerHeadQuarter thor deve ser o primeiro da lista" file="./spec/avengers_spec.rb" time="0.005102"></testcase>
<testcase classname="spec.avengers_spec" name="AvengerHeadQuarter Ironman deve ser o ultimo da lista" file="./spec/avengers_spec.rb" time="0.000142"></testcase>
<testcase classname="spec.avengers_spec" name="AvengerHeadQuarter deve conter o sobrenome" file="./spec/avengers_spec.rb" time="0.007528"></testcase>
<testcase classname="spec.bank.saque_cc_spec" name="ContaCorrente Saque quando o valor é positivo então atualiza saldo" file="./spec/bank/saque_cc_spec.rb" time="0.006723"></testcase>
<testcase classname="spec.bank.saque_cc_spec" name="ContaCorrente Saque quando o saldo é zero então exibe mensagem" file="./spec/bank/saque_cc_spec.rb" time="0.000143"></testcase>
<testcase classname="spec.bank.saque_cc_spec" name="ContaCorrente Saque quando o saldo é zero e o saldo final com zeros" file="./spec/bank/saque_cc_spec.rb" time="0.000069"></testcase>
<testcase classname="spec.bank.saque_cc_spec" name="ContaCorrente Saque quando o saldo é insuficiente então exibe mensagem" file="./spec/bank/saque_cc_spec.rb" time="0.000082"></testcase>
<testcase classname="spec.bank.saque_cc_spec" name="ContaCorrente Saque quando o saldo é insuficiente e o saldo permanece" file="./spec/bank/saque_cc_spec.rb" time="0.000300"></testcase>
<testcase classname="spec.bank.saque_cc_spec" name="ContaCorrente Saque quando supera o limite de saque então exibe mensagem" file="./spec/bank/saque_cc_spec.rb" time="0.000185"></testcase>
<testcase classname="spec.bank.saque_cc_spec" name="ContaCorrente Saque quando supera o limite de saque e o saldo permanece" file="./spec/bank/saque_cc_spec.rb" time="0.000162"></testcase>
<testcase classname="spec.bank.saque_cp_spec" name="ContaPoupanca Saque quando o valor é positivo então atualiza saldo" file="./spec/bank/saque_cp_spec.rb" time="0.000099"></testcase>
<testcase classname="spec.bank.saque_cp_spec" name="ContaPoupanca Saque quando o saldo é zero então exibe mensagem" file="./spec/bank/saque_cp_spec.rb" time="0.000083"></testcase>
<testcase classname="spec.bank.saque_cp_spec" name="ContaPoupanca Saque quando o saldo é zero e o saldo final com zeros" file="./spec/bank/saque_cp_spec.rb" time="0.000153"></testcase>
<testcase classname="spec.bank.saque_cp_spec" name="ContaPoupanca Saque quando o saldo é insuficiente então exibe mensagem" file="./spec/bank/saque_cp_spec.rb" time="0.000092"></testcase>
<testcase classname="spec.bank.saque_cp_spec" name="ContaPoupanca Saque quando o saldo é insuficiente e o saldo permanece" file="./spec/bank/saque_cp_spec.rb" time="0.000086"></testcase>
<testcase classname="spec.bank.saque_cp_spec" name="ContaPoupanca Saque quando supera o limite de saque então exibe mensagem" file="./spec/bank/saque_cp_spec.rb" time="0.000075"></testcase>
<testcase classname="spec.bank.saque_cp_spec" name="ContaPoupanca Saque quando supera o limite de saque e o saldo permanece" file="./spec/bank/saque_cp_spec.rb" time="0.000065"></testcase>
<testcase classname="spec.exemplos_spec" name="suite rspec soma de valores" file="./spec/exemplos_spec.rb" time="0.000200"></testcase>
</testsuite>
